<?xml version="1.0" encoding="UTF-8"?>
<testsuite xmlns:xsi="http://www.w3.org/2001/XMLSchema-instance" xsi:noNamespaceSchemaLocation="https://maven.apache.org/surefire/maven-surefire-plugin/xsd/surefire-test-report-3.0.xsd" version="3.0" name="de.metanome.algorithms.hyfd.HyFDTest" time="0.671" tests="23" errors="0" skipped="0" failures="0">
  <properties>
[...]
</properties>
  <testcase name="testExecute1" classname="de.metanome.algorithms.hyfd.HyFDTest" time="0.225">
    <system-out><![CDATA[Initializing ...
Reading data and calculating plis ...
Sorting plis by number of clusters ...
Inverting plis ...
Extracting integer representations for the records ...
Investigating comparison suggestions ... 
Sorting clusters ...(2ms)
Running initial windows ...(0ms)
Moving window over clusters ... 
Window signature: [2][2][2][1]
Inducing FD candidates ...
Validating FDs using plis ...
	Level 0: 1 elements; (V)(C)(G); 0 intersections; 0 validations; 0 invalid; 0 new candidates; --> 0 FDs
	Level 1: 4 elements; (V)(C)(G); 5 intersections; 5 validations; 0 invalid; 0 new candidates; --> 5 FDs
	Level 2: 2 elements; (V)(C)(G); 2 intersections; 2 validations; 0 invalid; 0 new candidates; --> 2 FDs
Translating FD-tree into result format ...
... done! (7 FDs)
Time: 54 ms
]]></system-out>
  </testcase>
  <testcase name="testExecute2" classname="de.metanome.algorithms.hyfd.HyFDTest" time="0.018">
    <system-out><![CDATA[Initializing ...
Reading data and calculating plis ...
Sorting plis by number of clusters ...
Inverting plis ...
Extracting integer representations for the records ...
Investigating comparison suggestions ... 
Sorting clusters ...(0ms)
Running initial windows ...(0ms)
Moving window over clusters ... 
Window signature: [2][2][2]
Inducing FD candidates ...
Validating FDs using plis ...
	Level 0: 1 elements; (V)(C)(G); 0 intersections; 0 validations; 0 invalid; 0 new candidates; --> 0 FDs
	Level 1: 2 elements; (V)(C)(G); 0 intersections; 0 validations; 0 invalid; 0 new candidates; --> 0 FDs
	Level 2: 2 elements; (V)(C)(G); 2 intersections; 2 validations; 0 invalid; 0 new candidates; --> 2 FDs
Translating FD-tree into result format ...
... done! (2 FDs)
Time: 0 ms
]]></system-out>
  </testcase>
  <testcase name="testExecute3" classname="de.metanome.algorithms.hyfd.HyFDTest" time="0.005">
    <system-out><![CDATA[Initializing ...
Reading data and calculating plis ...
Sorting plis by number of clusters ...
Inverting plis ...
Extracting integer representations for the records ...
Investigating comparison suggestions ... 
Sorting clusters ...(0ms)
Running initial windows ...(0ms)
Moving window over clusters ... 
Window signature: [2][2][2][2]
Inducing FD candidates ...
Validating FDs using plis ...
	Level 0: 1 elements; (V)(C)(G); 0 intersections; 0 validations; 0 invalid; 0 new candidates; --> 0 FDs
	Level 1: 3 elements; (V)(C)(G); 3 intersections; 3 validations; 0 invalid; 0 new candidates; --> 3 FDs
	Level 2: 2 elements; (V)(C)(G); 2 intersections; 2 validations; 0 invalid; 0 new candidates; --> 2 FDs
Translating FD-tree into result format ...
... done! (5 FDs)
Time: 18 ms
]]></system-out>
  </testcase>
  <testcase name="testExecute4" classname="de.metanome.algorithms.hyfd.HyFDTest" time="0.006">
    <system-out><![CDATA[Initializing ...
Reading data and calculating plis ...
Sorting plis by number of clusters ...
Inverting plis ...
Extracting integer representations for the records ...
Investigating comparison suggestions ... 
Sorting clusters ...(0ms)
Running initial windows ...(0ms)
Moving window over clusters ... 
Window signature: [2][2][2]
Inducing FD candidates ...
Validating FDs using plis ...
	Level 0: 1 elements; (V)(C)(G); 0 intersections; 0 validations; 0 invalid; 0 new candidates; --> 0 FDs
	Level 1: 2 elements; (V)(C)(G); 0 intersections; 0 validations; 0 invalid; 0 new candidates; --> 0 FDs
	Level 2: 3 elements; (V)(C)(G); 3 intersections; 3 validations; 0 invalid; 0 new candidates; --> 3 FDs
Translating FD-tree into result format ...
... done! (3 FDs)
Time: 5 ms
]]></system-out>
  </testcase>
  <testcase name="testExecute5" classname="de.metanome.algorithms.hyfd.HyFDTest" time="0.004">
    <system-out><![CDATA[Initializing ...
Reading data and calculating plis ...
Sorting plis by number of clusters ...
Inverting plis ...
Extracting integer representations for the records ...
Investigating comparison suggestions ... 
Sorting clusters ...(0ms)
Running initial windows ...(0ms)
Moving window over clusters ... 
Window signature: [2][2][2]
Inducing FD candidates ...
Validating FDs using plis ...
	Level 0: 1 elements; (V)(C)(G); 0 intersections; 0 validations; 0 invalid; 0 new candidates; --> 0 FDs
	Level 1: 2 elements; (V)(C)(G); 1 intersections; 1 validations; 0 invalid; 0 new candidates; --> 1 FDs
	Level 2: 1 elements; (V)(C)(G); 1 intersections; 1 validations; 0 invalid; 0 new candidates; --> 1 FDs
Translating FD-tree into result format ...
... done! (2 FDs)
Time: 3 ms
]]></system-out>
  </testcase>
  <testcase name="testExecute6" classname="de.metanome.algorithms.hyfd.HyFDTest" time="0.004">
    <system-out><![CDATA[Initializing ...
Reading data and calculating plis ...
Sorting plis by number of clusters ...
Inverting plis ...
Extracting integer representations for the records ...
Investigating comparison suggestions ... 
Sorting clusters ...(0ms)
Running initial windows ...(0ms)
Moving window over clusters ... 
Window signature: [2][2][2]
Inducing FD candidates ...
Validating FDs using plis ...
	Level 0: 1 elements; (V)(C)(G); 0 intersections; 0 validations; 0 invalid; 0 new candidates; --> 0 FDs
	Level 1: 2 elements; (V)(C)(G); 2 intersections; 2 validations; 0 invalid; 0 new candidates; --> 2 FDs
	Level 2: 1 elements; (V)(C)(G); 1 intersections; 1 validations; 0 invalid; 0 new candidates; --> 1 FDs
Translating FD-tree into result format ...
... done! (3 FDs)
Time: 3 ms
]]></system-out>
  </testcase>
  <testcase name="testExecute7" classname="de.metanome.algorithms.hyfd.HyFDTest" time="0.005">
    <system-out><![CDATA[Initializing ...
Reading data and calculating plis ...
Sorting plis by number of clusters ...
Inverting plis ...
Extracting integer representations for the records ...
Investigating comparison suggestions ... 
Sorting clusters ...(0ms)
Running initial windows ...(0ms)
Moving window over clusters ... 
Window signature: [1][2][2]
Inducing FD candidates ...
Validating FDs using plis ...
	Level 0: 1 elements; (V)(C)(G); 0 intersections; 0 validations; 0 invalid; 0 new candidates; --> 0 FDs
	Level 1: 1 elements; (V)(C)(G); 2 intersections; 2 validations; 0 invalid; 0 new candidates; --> 2 FDs
Translating FD-tree into result format ...
... done! (2 FDs)
Time: 2 ms
]]></system-out>
  </testcase>
  <testcase name="testExecute8" classname="de.metanome.algorithms.hyfd.HyFDTest" time="0.006">
    <system-out><![CDATA[Initializing ...
Reading data and calculating plis ...
Sorting plis by number of clusters ...
Inverting plis ...
Extracting integer representations for the records ...
Investigating comparison suggestions ... 
Sorting clusters ...(0ms)
Running initial windows ...(0ms)
Moving window over clusters ... 
Window signature: [1][1][2][2]
Inducing FD candidates ...
Validating FDs using plis ...
	Level 0: 1 elements; (V)(C)(G); 0 intersections; 0 validations; 0 invalid; 0 new candidates; --> 0 FDs
	Level 1: 3 elements; (V)(C)(G); 6 intersections; 6 validations; 0 invalid; 0 new candidates; --> 6 FDs
	Level 2: 1 elements; (V)(C)(G); 1 intersections; 2 validations; 0 invalid; 0 new candidates; --> 2 FDs
Translating FD-tree into result format ...
... done! (8 FDs)
Time: 4 ms
]]></system-out>
  </testcase>
  <testcase name="testExecute9" classname="de.metanome.algorithms.hyfd.HyFDTest" time="0.005">
    <system-out><![CDATA[Initializing ...
Reading data and calculating plis ...
Sorting plis by number of clusters ...
Inverting plis ...
Extracting integer representations for the records ...
Investigating comparison suggestions ... 
Sorting clusters ...(0ms)
Running initial windows ...(0ms)
Moving window over clusters ... 
Window signature: [1][2][2]
Inducing FD candidates ...
Validating FDs using plis ...
	Level 0: 1 elements; (V)(C)(G); 0 intersections; 0 validations; 0 invalid; 0 new candidates; --> 0 FDs
	Level 1: 2 elements; (V)(C)(G); 2 intersections; 2 validations; 0 invalid; 0 new candidates; --> 2 FDs
	Level 2: 1 elements; (V)(C)(G); 1 intersections; 1 validations; 0 invalid; 0 new candidates; --> 1 FDs
Translating FD-tree into result format ...
... done! (3 FDs)
Time: 2 ms
]]></system-out>
  </testcase>
  <testcase name="testExecute10" classname="de.metanome.algorithms.hyfd.HyFDTest" time="0.011">
    <system-out><![CDATA[Initializing ...
Reading data and calculating plis ...
Sorting plis by number of clusters ...
Inverting plis ...
Extracting integer representations for the records ...
Investigating comparison suggestions ... 
Sorting clusters ...(0ms)
Running initial windows ...(0ms)
Moving window over clusters ... 
Window signature: [1][1][2][3][2][2][1][2]
Inducing FD candidates ...
Validating FDs using plis ...
	Level 0: 1 elements; (V)(C)(G); 0 intersections; 0 validations; 0 invalid; 0 new candidates; --> 0 FDs
	Level 1: 7 elements; (V)(C)(G); 21 intersections; 21 validations; 0 invalid; 0 new candidates; --> 21 FDs
	Level 2: 6 elements; (V)(C)(G); 4 intersections; 5 validations; 0 invalid; 0 new candidates; --> 5 FDs
	Level 3: 3 elements; (V)(C)(G); 3 intersections; 6 validations; 0 invalid; 0 new candidates; --> 6 FDs
Translating FD-tree into result format ...
... done! (32 FDs)
Time: 5 ms
]]></system-out>
  </testcase>
  <testcase name="testExecute11" classname="de.metanome.algorithms.hyfd.HyFDTest" time="0.002">
    <system-out><![CDATA[Initializing ...
Reading data and calculating plis ...
Sorting plis by number of clusters ...
Inverting plis ...
Extracting integer representations for the records ...
Investigating comparison suggestions ... 
Sorting clusters ...(0ms)
Running initial windows ...(0ms)
Moving window over clusters ... 
Window signature: [1][2][2][1]
Inducing FD candidates ...
Validating FDs using plis ...
	Level 0: 1 elements; (V)(C)(G); 2 intersections; 2 validations; 0 invalid; 0 new candidates; --> 2 FDs
	Level 1: 1 elements; (V)(C)(G); 1 intersections; 1 validations; 0 invalid; 0 new candidates; --> 1 FDs
Translating FD-tree into result format ...
... done! (3 FDs)
Time: 1 ms
]]></system-out>
  </testcase>
  <testcase name="testExecute12" classname="de.metanome.algorithms.hyfd.HyFDTest" time="0.004">
    <system-out><![CDATA[Initializing ...
Reading data and calculating plis ...
Sorting plis by number of clusters ...
Inverting plis ...
Extracting integer representations for the records ...
Investigating comparison suggestions ... 
Sorting clusters ...(1ms)
Running initial windows ...(0ms)
Moving window over clusters ... 
Window signature: [2][1][2]
Inducing FD candidates ...
Validating FDs using plis ...
	Level 0: 1 elements; (V)(C)(G); 1 intersections; 1 validations; 0 invalid; 0 new candidates; --> 1 FDs
	Level 1: 2 elements; (V)(C)(G); 2 intersections; 2 validations; 0 invalid; 0 new candidates; --> 2 FDs
Translating FD-tree into result format ...
... done! (3 FDs)
Time: 2 ms
]]></system-out>
  </testcase>
  <testcase name="testExecute13" classname="de.metanome.algorithms.hyfd.HyFDTest" time="0.002">
    <system-out><![CDATA[Initializing ...
Reading data and calculating plis ...
Sorting plis by number of clusters ...
Inverting plis ...
Extracting integer representations for the records ...
Investigating comparison suggestions ... 
Sorting clusters ...(0ms)
Running initial windows ...(1ms)
Moving window over clusters ... 
Window signature: [1][2][1]
Inducing FD candidates ...
Validating FDs using plis ...
	Level 0: 1 elements; (V)(C)(G); 2 intersections; 2 validations; 0 invalid; 0 new candidates; --> 2 FDs
Translating FD-tree into result format ...
... done! (2 FDs)
Time: 1 ms
]]></system-out>
  </testcase>
  <testcase name="testExecute14" classname="de.metanome.algorithms.hyfd.HyFDTest" time="0.005">
    <system-out><![CDATA[Initializing ...
Reading data and calculating plis ...
Sorting plis by number of clusters ...
Inverting plis ...
Extracting integer representations for the records ...
Investigating comparison suggestions ... 
Sorting clusters ...(0ms)
Running initial windows ...(0ms)
Moving window over clusters ... 
Window signature: [2][2][2]
Inducing FD candidates ...
Validating FDs using plis ...
	Level 0: 1 elements; (V)(C)(G); 1 intersections; 1 validations; 0 invalid; 0 new candidates; --> 1 FDs
Translating FD-tree into result format ...
... done! (1 FDs)
Time: 1 ms
]]></system-out>
  </testcase>
  <testcase name="testExecute15" classname="de.metanome.algorithms.hyfd.HyFDTest" time="0.002">
    <system-out><![CDATA[Initializing ...
Reading data and calculating plis ...
Sorting plis by number of clusters ...
Inverting plis ...
Extracting integer representations for the records ...
Investigating comparison suggestions ... 
Sorting clusters ...(0ms)
Running initial windows ...(0ms)
Moving window over clusters ... 
Window signature: [2][2][2]
Inducing FD candidates ...
Validating FDs using plis ...
	Level 0: 1 elements; (V)(C)(G); 1 intersections; 1 validations; 0 invalid; 0 new candidates; --> 1 FDs
Translating FD-tree into result format ...
... done! (1 FDs)
Time: 3 ms
]]></system-out>
  </testcase>
  <testcase name="testExecute16" classname="de.metanome.algorithms.hyfd.HyFDTest" time="0.004">
    <system-out><![CDATA[Initializing ...
Reading data and calculating plis ...
Sorting plis by number of clusters ...
Inverting plis ...
Extracting integer representations for the records ...
Investigating comparison suggestions ... 
Sorting clusters ...(0ms)
Running initial windows ...(0ms)
Moving window over clusters ... 
Window signature: [1][1][1]
Inducing FD candidates ...
Validating FDs using plis ...
	Level 0: 1 elements; (V)(C)(G); 3 intersections; 3 validations; 3 invalid; 3 new candidates; --> 0 FDs
Investigating comparison suggestions ... 
Moving window over clusters ... 
Window signature: [1][1][1]
Inducing FD candidates ...
Validating FDs using plis ...
	Level 1: 3 elements; (V)(C)(G); 6 intersections; 6 validations; 0 invalid; 0 new candidates; --> 6 FDs
Translating FD-tree into result format ...
... done! (6 FDs)
Time: 3 ms
]]></system-out>
  </testcase>
  <testcase name="testExecute17" classname="de.metanome.algorithms.hyfd.HyFDTest" time="0.001">
    <system-out><![CDATA[Initializing ...
Reading data and calculating plis ...
Time: 0 ms
]]></system-out>
  </testcase>
  <testcase name="testExecute18" classname="de.metanome.algorithms.hyfd.HyFDTest" time="0.003">
    <system-out><![CDATA[Initializing ...
Reading data and calculating plis ...
Sorting plis by number of clusters ...
Inverting plis ...
Extracting integer representations for the records ...
Investigating comparison suggestions ... 
Sorting clusters ...(0ms)
Running initial windows ...(0ms)
Moving window over clusters ... 
Window signature: [2][2][2]
Inducing FD candidates ...
Validating FDs using plis ...
	Level 0: 1 elements; (V)(C)(G); 1 intersections; 1 validations; 0 invalid; 0 new candidates; --> 1 FDs
Translating FD-tree into result format ...
... done! (1 FDs)
Time: 1 ms
]]></system-out>
  </testcase>
  <testcase name="testExecute19" classname="de.metanome.algorithms.hyfd.HyFDTest" time="0.003">
    <system-out><![CDATA[Initializing ...
Reading data and calculating plis ...
Sorting plis by number of clusters ...
Inverting plis ...
Extracting integer representations for the records ...
Investigating comparison suggestions ... 
Sorting clusters ...(0ms)
Running initial windows ...(0ms)
Moving window over clusters ... 
Window signature: [2][2][2]
Inducing FD candidates ...
Validating FDs using plis ...
	Level 0: 1 elements; (V)(C)(G); 1 intersections; 1 validations; 0 invalid; 0 new candidates; --> 1 FDs
Translating FD-tree into result format ...
... done! (1 FDs)
Time: 1 ms
]]></system-out>
  </testcase>
  <testcase name="testExecute20" classname="de.metanome.algorithms.hyfd.HyFDTest" time="0.006">
    <system-out><![CDATA[Initializing ...
Reading data and calculating plis ...
Sorting plis by number of clusters ...
Inverting plis ...
Extracting integer representations for the records ...
Investigating comparison suggestions ... 
Sorting clusters ...(0ms)
Running initial windows ...(0ms)
Moving window over clusters ... 
Window signature: [1][1][1]
Inducing FD candidates ...
Validating FDs using plis ...
	Level 0: 1 elements; (V)(C)(G); 3 intersections; 3 validations; 3 invalid; 3 new candidates; --> 0 FDs
Investigating comparison suggestions ... 
Moving window over clusters ... 
Window signature: [1][1][1]
Inducing FD candidates ...
Validating FDs using plis ...
	Level 1: 3 elements; (V)(C)(G); 6 intersections; 6 validations; 0 invalid; 0 new candidates; --> 6 FDs
Translating FD-tree into result format ...
... done! (6 FDs)
Time: 3 ms
]]></system-out>
  </testcase>
  <testcase name="testAbaloneFixture" classname="de.metanome.algorithms.hyfd.HyFDTest" time="0.233">
    <system-out><![CDATA[Initializing ...
Reading data and calculating plis ...
Sorting plis by number of clusters ...
Inverting plis ...
Extracting integer representations for the records ...
Investigating comparison suggestions ... 
Sorting clusters ...(26ms)
Running initial windows ...(11ms)
Moving window over clusters ... 
Window signature: [2][2][2][2][1][1][1][1][1]
Inducing FD candidates ...
Validating FDs using plis ...
	Level 0: 1 elements; (V)(C)(G); 0 intersections; 0 validations; 0 invalid; 0 new candidates; --> 0 FDs
	Level 1: 4 elements; (V)(C)(G); 0 intersections; 0 validations; 0 invalid; 0 new candidates; --> 0 FDs
	Level 2: 9 elements; (V)(C)(G); 0 intersections; 0 validations; 0 invalid; 0 new candidates; --> 0 FDs
	Level 3: 25 elements; (V)(C)(G); 6 intersections; 18 validations; 0 invalid; 0 new candidates; --> 18 FDs
	Level 4: 39 elements; (V)(C)(G); 29 intersections; 80 validations; 1 invalid; 0 new candidates; --> 79 FDs
Investigating comparison suggestions ... 
Moving window over clusters ... 
Window signature: [3][2][2][2][2][1][1][1][1]
Inducing FD candidates ...
Validating FDs using plis ...
	Level 5: 19 elements; (V)(C)(G); 16 intersections; 32 validations; 0 invalid; 0 new candidates; --> 32 FDs
	Level 6: 4 elements; (V)(C)(G); 4 intersections; 8 validations; 0 invalid; 0 new candidates; --> 8 FDs
Translating FD-tree into result format ...
... done! (137 FDs)
Time: 182 ms
]]></system-out>
  </testcase>
  <testcase name="testAlgorithmFixture" classname="de.metanome.algorithms.hyfd.HyFDTest" time="0.014">
    <system-out><![CDATA[Initializing ...
Reading data and calculating plis ...
Sorting plis by number of clusters ...
Inverting plis ...
Extracting integer representations for the records ...
Investigating comparison suggestions ... 
Sorting clusters ...(0ms)
Running initial windows ...(0ms)
Moving window over clusters ... 
Window signature: [1][1][2][2][2][2][2][2]
Inducing FD candidates ...
Validating FDs using plis ...
	Level 0: 1 elements; (V)(C)(G); 0 intersections; 0 validations; 0 invalid; 0 new candidates; --> 0 FDs
	Level 1: 7 elements; (V)(C)(G); 21 intersections; 21 validations; 0 invalid; 0 new candidates; --> 21 FDs
	Level 2: 6 elements; (V)(C)(G); 4 intersections; 5 validations; 0 invalid; 0 new candidates; --> 5 FDs
	Level 3: 3 elements; (V)(C)(G); 3 intersections; 6 validations; 0 invalid; 0 new candidates; --> 6 FDs
Translating FD-tree into result format ...
... done! (32 FDs)
Time: 4 ms
]]></system-out>
  </testcase>
  <testcase name="testBridgesFixture" classname="de.metanome.algorithms.hyfd.HyFDTest" time="0.056">
    <system-out><![CDATA[Initializing ...
Reading data and calculating plis ...
Sorting plis by number of clusters ...
Inverting plis ...
Extracting integer representations for the records ...
Investigating comparison suggestions ... 
Sorting clusters ...(1ms)
Running initial windows ...(1ms)
Moving window over clusters ... 
Window signature: [1][4][10][4][6][10][9][5][3][11][14][6][7]
Inducing FD candidates ...
Validating FDs using plis ...
	Level 0: 1 elements; (V)(C)(G); 0 intersections; 0 validations; 0 invalid; 0 new candidates; --> 0 FDs
	Level 1: 4 elements; (V)(C)(G); 13 intersections; 13 validations; 0 invalid; 0 new candidates; --> 13 FDs
	Level 2: 14 elements; (V)(C)(G); 2 intersections; 16 validations; 0 invalid; 0 new candidates; --> 16 FDs
	Level 3: 36 elements; (V)(C)(G); 15 intersections; 26 validations; 0 invalid; 0 new candidates; --> 26 FDs
	Level 4: 53 elements; (V)(C)(G); 33 intersections; 45 validations; 0 invalid; 0 new candidates; --> 45 FDs
	Level 5: 33 elements; (V)(C)(G); 22 intersections; 28 validations; 0 invalid; 0 new candidates; --> 28 FDs
	Level 6: 14 elements; (V)(C)(G); 14 intersections; 14 validations; 0 invalid; 0 new candidates; --> 14 FDs
Translating FD-tree into result format ...
... done! (142 FDs)
Time: 22 ms
]]></system-out>
  </testcase>
</testsuite>