<?xml version="1.0" encoding="UTF-8"?>
<testsuite xmlns:xsi="http://www.w3.org/2001/XMLSchema-instance" xsi:noNamespaceSchemaLocation="https://maven.apache.org/surefire/maven-surefire-plugin/xsd/surefire-test-report-3.0.xsd" version="3.0" name="de.metanome.algorithms.hyfd.FDTreeInDepthTest" time="0.054" tests="2" errors="0" skipped="0" failures="0">
  <properties>
[...]
</properties>
  <testcase name="testContainsGeneralization" classname="de.metanome.algorithms.hyfd.FDTreeInDepthTest" time="0.007"/>
  <testcase name="testContainsGeneralizationAnFilterDeadEnds" classname="de.metanome.algorithms.hyfd.FDTreeInDepthTest" time="0"/>
</testsuite>